<?xml version="1.0" encoding="UTF-8"?>
<testsuite name="com.aw.unity.es.ElasticUnityRunnerTest" time="0.889" tests="20" errors="0" skipped="0" failures="0">
  <properties>
    <property name="idea.version" value="14.1.4"/>
    <property name="java.runtime.name" value="Java(TM) SE Runtime Environment"/>
    <property name="sun.boot.library.path" value="/Library/Java/JavaVirtualMachines/jdk1.8.0_60.jdk/Contents/Home/jre/lib"/>
    <property name="java.vm.version" value="25.60-b23"/>
    <property name="user.country.format" value="NL"/>
    <property name="gopherProxySet" value="false"/>
    <property name="java.vm.vendor" value="Oracle Corporation"/>
    <property name="java.vendor.url" value="http://java.oracle.com/"/>
    <property name="path.separator" value=":"/>
    <property name="guice.disable.misplaced.annotation.check" value="true"/>
    <property name="java.vm.name" value="Java HotSpot(TM) 64-Bit Server VM"/>
    <property name="file.encoding.pkg" value="sun.io"/>
    <property name="idea.launcher.port" value="7558"/>
    <property name="user.country" value="US"/>
    <property name="sun.java.launcher" value="SUN_STANDARD"/>
    <property name="sun.os.patch.level" value="unknown"/>
    <property name="java.vm.specification.name" value="Java Virtual Machine Specification"/>
    <property name="user.dir" value="/Users/scott/dev/src/ares/cluster"/>
    <property name="java.runtime.version" value="1.8.0_60-b27"/>
    <property name="java.awt.graphicsenv" value="sun.awt.CGraphicsEnvironment"/>
    <property name="java.endorsed.dirs" value="/Library/Java/JavaVirtualMachines/jdk1.8.0_60.jdk/Contents/Home/jre/lib/endorsed"/>
    <property name="os.arch" value="x86_64"/>
    <property name="java.io.tmpdir" value="/var/folders/c5/k7dsdw_j6tb9dybtw2s1pqbw0000gn/T/"/>
    <property name="line.separator" value="&#10;"/>
    <property name="java.vm.specification.vendor" value="Oracle Corporation"/>
    <property name="os.name" value="Mac OS X"/>
    <property name="classworlds.conf" value="/Applications/IntelliJ IDEA 14.app/Contents/plugins/maven/lib/maven3/bin/m2.conf"/>
    <property name="sun.jnu.encoding" value="UTF-8"/>
    <property name="java.library.path" value="/Users/scott/Library/Java/Extensions:/Library/Java/Extensions:/Network/Library/Java/Extensions:/System/Library/Java/Extensions:/usr/lib/java:."/>
    <property name="java.specification.name" value="Java Platform API Specification"/>
    <property name="java.class.version" value="52.0"/>
    <property name="sun.management.compiler" value="HotSpot 64-Bit Tiered Compilers"/>
    <property name="os.version" value="10.10.3"/>
    <property name="http.nonProxyHosts" value="local|*.local|169.254/16|*.169.254/16"/>
    <property name="user.home" value="/Users/scott"/>
    <property name="user.timezone" value="Europe/Amsterdam"/>
    <property name="java.awt.printerjob" value="sun.lwawt.macosx.CPrinterJob"/>
    <property name="java.specification.version" value="1.8"/>
    <property name="idea.launcher.bin.path" value="/Applications/IntelliJ IDEA 14.app/Contents/bin"/>
    <property name="file.encoding" value="UTF-8"/>
    <property name="user.name" value="scott"/>
    <property name="java.class.path" value="/Applications/IntelliJ IDEA 14.app/Contents/plugins/maven/lib/maven3/boot/plexus-classworlds-2.4.jar:/Applications/IntelliJ IDEA 14.app/Contents/lib/idea_rt.jar"/>
    <property name="java.vm.specification.version" value="1.8"/>
    <property name="sun.arch.data.model" value="64"/>
    <property name="java.home" value="/Library/Java/JavaVirtualMachines/jdk1.8.0_60.jdk/Contents/Home/jre"/>
    <property name="sun.java.command" value="com.intellij.rt.execution.application.AppMain org.codehaus.classworlds.Launcher -Didea.version=14.1.4 install"/>
    <property name="java.specification.vendor" value="Oracle Corporation"/>
    <property name="user.language" value="en"/>
    <property name="awt.toolkit" value="sun.lwawt.macosx.LWCToolkit"/>
    <property name="java.vm.info" value="mixed mode"/>
    <property name="java.version" value="1.8.0_60"/>
    <property name="java.ext.dirs" value="/Users/scott/Library/Java/Extensions:/Library/Java/JavaVirtualMachines/jdk1.8.0_60.jdk/Contents/Home/jre/lib/ext:/Library/Java/Extensions:/Network/Library/Java/Extensions:/System/Library/Java/Extensions:/usr/lib/java"/>
    <property name="sun.boot.class.path" value="/Library/Java/JavaVirtualMachines/jdk1.8.0_60.jdk/Contents/Home/jre/lib/resources.jar:/Library/Java/JavaVirtualMachines/jdk1.8.0_60.jdk/Contents/Home/jre/lib/rt.jar:/Library/Java/JavaVirtualMachines/jdk1.8.0_60.jdk/Contents/Home/jre/lib/sunrsasign.jar:/Library/Java/JavaVirtualMachines/jdk1.8.0_60.jdk/Contents/Home/jre/lib/jsse.jar:/Library/Java/JavaVirtualMachines/jdk1.8.0_60.jdk/Contents/Home/jre/lib/jce.jar:/Library/Java/JavaVirtualMachines/jdk1.8.0_60.jdk/Contents/Home/jre/lib/charsets.jar:/Library/Java/JavaVirtualMachines/jdk1.8.0_60.jdk/Contents/Home/jre/lib/jfr.jar:/Library/Java/JavaVirtualMachines/jdk1.8.0_60.jdk/Contents/Home/jre/classes"/>
    <property name="java.vendor" value="Oracle Corporation"/>
    <property name="maven.home" value="/Applications/IntelliJ IDEA 14.app/Contents/plugins/maven/lib/maven3"/>
    <property name="file.separator" value="/"/>
    <property name="java.vendor.url.bug" value="http://bugreport.sun.com/bugreport/"/>
    <property name="sun.cpu.endian" value="little"/>
    <property name="sun.io.unicode.encoding" value="UnicodeBig"/>
    <property name="socksNonProxyHosts" value="local|*.local|169.254/16|*.169.254/16"/>
    <property name="ftp.nonProxyHosts" value="local|*.local|169.254/16|*.169.254/16"/>
    <property name="sun.cpu.isalist" value=""/>
  </properties>
  <testcase name="lteTimestamp" classname="com.aw.unity.es.ElasticUnityRunnerTest" time="0.079"/>
  <testcase name="getIndices_DAYS" classname="com.aw.unity.es.ElasticUnityRunnerTest" time="0.042"/>
  <testcase name="buildSearchRequest_day" classname="com.aw.unity.es.ElasticUnityRunnerTest" time="0.057"/>
  <testcase name="startsWith" classname="com.aw.unity.es.ElasticUnityRunnerTest" time="0.022"/>
  <testcase name="missingValues" classname="com.aw.unity.es.ElasticUnityRunnerTest" time="0.022"/>
  <testcase name="exists" classname="com.aw.unity.es.ElasticUnityRunnerTest" time="0.019"/>
  <testcase name="missingField" classname="com.aw.unity.es.ElasticUnityRunnerTest" time="0.023"/>
  <testcase name="toFilterBuilder" classname="com.aw.unity.es.ElasticUnityRunnerTest" time="0.026"/>
  <testcase name="buildSearchRequest_hour" classname="com.aw.unity.es.ElasticUnityRunnerTest" time="0.036"/>
  <testcase name="contains" classname="com.aw.unity.es.ElasticUnityRunnerTest" time="0.018"/>
  <testcase name="between" classname="com.aw.unity.es.ElasticUnityRunnerTest" time="0.015"/>
  <testcase name="getIndices_WEEKS" classname="com.aw.unity.es.ElasticUnityRunnerTest" time="0.016"/>
  <testcase name="in" classname="com.aw.unity.es.ElasticUnityRunnerTest" time="0.019"/>
  <testcase name="gte" classname="com.aw.unity.es.ElasticUnityRunnerTest" time="0.015"/>
  <testcase name="lte" classname="com.aw.unity.es.ElasticUnityRunnerTest" time="0.014"/>
  <testcase name="matches" classname="com.aw.unity.es.ElasticUnityRunnerTest" time="0.024"/>
  <testcase name="betweenTimestamp" classname="com.aw.unity.es.ElasticUnityRunnerTest" time="0.014"/>
  <testcase name="missingOp" classname="com.aw.unity.es.ElasticUnityRunnerTest" time="0.014"/>
  <testcase name="buildSearchRequest_minute_lte" classname="com.aw.unity.es.ElasticUnityRunnerTest" time="0.399"/>
  <testcase name="gteTimestamp" classname="com.aw.unity.es.ElasticUnityRunnerTest" time="0.015"/>
</testsuite>